<?xml version="1.0" encoding="UTF-8"?>
<!-- Generated by org.testng.reporters.JUnitReportReporter -->
<testsuite hostname="DESKTOP-QBJ5JUT" name="testNGExamples.SouceLabTestExample" tests="1" failures="0" timestamp="6 Jul 2016 02:54:33 GMT" time="6.747" errors="0">
  <testcase name="BeforeTestdDoThis" time="6.747" classname="testNGExamples.SouceLabTestExample"/>
</testsuite> <!-- testNGExamples.SouceLabTestExample -->
