<?xml version="1.0" encoding="UTF-8"?>
<!-- Generated by org.testng.reporters.JUnitReportReporter -->
<testsuite hostname="DESKTOP-QBJ5JUT" name="testNGExamples.PeopleSoftProject" tests="2" failures="0" timestamp="5 Jul 2016 23:18:27 GMT" time="3.786" errors="0">
  <testcase name="OpenAnotherChromeBrowser" time="0.006" classname="testNGExamples.PeopleSoftProject"/>
  <testcase name="OpenChromeBrowser" time="3.780" classname="testNGExamples.PeopleSoftProject"/>
</testsuite> <!-- testNGExamples.PeopleSoftProject -->
