<?xml version="1.0" encoding="UTF-8"?>
<!-- Generated by org.testng.reporters.JUnitReportReporter -->
<testsuite hostname="DESKTOP-QBJ5JUT" name="testNGExamples.AnnotationExpls" tests="1" failures="0" timestamp="5 Jul 2016 22:52:38 GMT" time="0.001" errors="0">
  <testcase name="ActualTestCase" time="0.001" classname="testNGExamples.AnnotationExpls"/>
</testsuite> <!-- testNGExamples.AnnotationExpls -->
